Arguments: 
  C:\Program Files\nodejs\node.exe C:\Users\billh\.node\corepack\yarn\1.22.15\bin\yarn.js init

PATH: 
  C:\Program Files\PowerShell\7;C:\Python310\Scripts\;C:\Python310\;C:\WINDOWS\system32;C:\WINDOWS;C:\WINDOWS\System32\Wbem;C:\WINDOWS\System32\WindowsPowerShell\v1.0\;C:\WINDOWS\System32\OpenSSH\;C:\Program Files\dotnet\;C:\Program Files\NVIDIA Corporation\NVIDIA NvDLISR;C:\Program Files (x86)\NVIDIA Corporation\PhysX\Common;C:\Program Files\nodejs\;C:\ProgramData\chocolatey\bin;C:\Program Files\PowerShell\7\;D:\Program Files\Git\cmd;C:\Users\billh\AppData\Local\Microsoft\WindowsApps;D:\platform-tools;C:\Users\billh\AppData\Roaming\npm;C:\Users\billh\.dotnet\tools

Yarn version: 
  1.22.15

Node version: 
  17.2.0

Platform: 
  win32 x64

Trace: 
  Error: canceled
      at Interface.<anonymous> (C:\Users\billh\.node\corepack\yarn\1.22.15\lib\cli.js:137145:13)
      at Interface.emit (node:events:390:28)
      at Interface.[_ttyWrite] [as _ttyWrite] (node:internal/readline/interface:973:18)
      at ReadStream.onkeypress (node:internal/readline/interface:240:20)
      at ReadStream.emit (node:events:390:28)
      at emitKeys (node:internal/readline/utils:358:14)
      at emitKeys.next (<anonymous>)
      at ReadStream.onData (node:internal/readline/emitKeypressEvents:64:36)
      at ReadStream.emit (node:events:390:28)
      at addChunk (node:internal/streams/readable:324:12)

npm manifest: 
  {
    "name": "blog",
    "version": "1.0.0",
    "private": true,
    "description": "Blog",
    "keywords": [
      "gatsby"
    ],
    "scripts": {
      "develop": "gatsby develop",
      "start": "gatsby develop",
      "build": "gatsby build",
      "serve": "gatsby serve",
      "clean": "gatsby clean"
    },
    "dependencies": {
      "@mdx-js/mdx": "^1.6.22",
      "@mdx-js/react": "^1.6.22",
      "gatsby": "^4.3.0",
      "gatsby-plugin-image": "^2.4.0",
      "gatsby-plugin-manifest": "^4.4.0",
      "gatsby-plugin-mdx": "^3.4.0",
      "gatsby-plugin-react-helmet": "^5.4.0",
      "gatsby-plugin-sharp": "^4.4.0",
      "gatsby-plugin-sitemap": "^5.4.0",
      "gatsby-source-filesystem": "^4.4.0",
      "gatsby-transformer-sharp": "^4.4.0",
      "react": "^17.0.1",
      "react-dom": "^17.0.1",
      "react-helmet": "^6.1.0"
    }
  }

yarn manifest: 
  No manifest

Lockfile: 
  No lockfile
